<?xml version="1.0" encoding="UTF-8"?>
<!-- Generated by org.testng.reporters.JUnitReportReporter -->
<testsuite hostname="ojas-dl439" failures="0" tests="6" name="api.test.DDTests" time="9.651" errors="0" timestamp="2023-07-03T14:55:23 IST" skipped="0">
  <testcase classname="api.test.DDTests" name="testpostUser" time="1.191"/>
  <system-out/>
  <testcase classname="api.test.DDTests" name="testpostUser" time="3.649"/>
  <system-out/>
  <testcase classname="api.test.DDTests" name="testpostUser" time="1.228"/>
  <system-out/>
  <testcase classname="api.test.DDTests" name="testDeleteUserByName" time="1.179"/>
  <system-out/>
  <testcase classname="api.test.DDTests" name="testDeleteUserByName" time="1.211"/>
  <system-out/>
  <testcase classname="api.test.DDTests" name="testDeleteUserByName" time="1.193"/>
  <system-out/>
</testsuite> <!-- api.test.DDTests -->
