<?xml version="1.0" encoding="UTF-8"?>
<!-- Generated by org.testng.reporters.JUnitReportReporter -->
<testsuite hostname="ojas-dl439" failures="0" tests="1" name="api.test.UserTests" time="2.992" errors="0" timestamp="2023-07-11T15:00:20 IST" skipped="0">
  <testcase classname="api.test.UserTests" name="testPostUser" time="2.992"/>
  <system-out/>
</testsuite> <!-- api.test.UserTests -->
